This is TeX, Version 3.14159 (Web2C 7.3.7x) (format=latex 2002.9.7)  28 OCT 2003 21:19
**\nonstopmode\input{HydraManual.tex}
(./HydraManual.tex (/home/jtod/tex/TeXLive7/texmf/tex/latex/base/book.cls
Document Class: book 2001/04/21 v1.4e Standard LaTeX document class
(/home/jtod/tex/TeXLive7/texmf/tex/latex/base/fleqn.clo
File: fleqn.clo 1998/08/17 v1.1c Standard LaTeX option (flush left equations)
\mathindent=\dimen102
)
(/home/jtod/tex/TeXLive7/texmf/tex/latex/base/bk10.clo
File: bk10.clo 2001/04/21 v1.4e Standard LaTeX file (size option)
)
\c@part=\count79
\c@chapter=\count80
\c@section=\count81
\c@subsection=\count82
\c@subsubsection=\count83
\c@paragraph=\count84
\c@subparagraph=\count85
\c@figure=\count86
\c@table=\count87
\abovecaptionskip=\skip41
\belowcaptionskip=\skip42
\bibindent=\dimen103
)
(/home/jtod/tex/TeXLive7/texmf/tex/latex/graphics/graphics.sty
Package: graphics 2001/07/07 v1.0n Standard LaTeX Graphics (DPC,SPQR)

(/home/jtod/tex/TeXLive7/texmf/tex/latex/graphics/trig.sty
Package: trig 1999/03/16 v1.09 sin cos tan (DPC)
)
(/home/jtod/tex/TeXLive7/texmf/tex/latex/texlive/graphics.cfg
File: graphics.cfg 2001/08/31 v1.1 graphics configuration of teTeX/TeXLive
)
Package graphics Info: Driver file: dvips.def on input line 80.

(/home/jtod/tex/TeXLive7/texmf/tex/latex/graphics/dvips.def
File: dvips.def 1999/02/16 v3.0i Driver-dependant file (DPC,SPQR)
))
(/home/jtod/tex/TeXLive7/texmf/tex/latex/tools/verbatim.sty
Package: verbatim 2001/03/12 v1.5p LaTeX2e package for verbatim enhancements
\every@verbatim=\toks14
\verbatim@line=\toks15
\verbatim@in@stream=\read1
)
(/home/jtod/tex/TeXLive7/texmf/tex/latex/subfigure/subfigure.sty
Package: subfigure 2002/04/17 v2.1.3 subfigure package
\subfigtopskip=\skip43
\subfigcapskip=\skip44
\subfigcaptopadj=\dimen104
\subfigbottomskip=\skip45
\subfigcapmargin=\dimen105
\subfiglabelskip=\skip46
\c@subfigure=\count88
\c@lofdepth=\count89
\c@subtable=\count90
\c@lotdepth=\count91

****************************************
* Local config file subfigure.cfg used *
****************************************
(/home/jtod/tex/TeXLive7/texmf/tex/latex/subfigure/subfigure.cfg)
\subfig@top=\skip47
\subfig@bottom=\skip48
)
(/home/jtod/tex/TeXLive7/texmf/tex/latex/amslatex/amsmath.sty
Package: amsmath 2000/07/18 v2.13 AMS math features
\@mathmargin=\skip49

For additional information on amsmath, use the `?' option.
(/home/jtod/tex/TeXLive7/texmf/tex/latex/amslatex/amstext.sty
Package: amstext 2000/06/29 v2.01

(/home/jtod/tex/TeXLive7/texmf/tex/latex/amslatex/amsgen.sty
File: amsgen.sty 1999/11/30 v2.0
\@emptytoks=\toks16
\ex@=\dimen106
))
(/home/jtod/tex/TeXLive7/texmf/tex/latex/amslatex/amsbsy.sty
Package: amsbsy 1999/11/29 v1.2d
\pmbraise@=\dimen107
)
(/home/jtod/tex/TeXLive7/texmf/tex/latex/amslatex/amsopn.sty
Package: amsopn 1999/12/14 v2.01 operator names
)
\inf@bad=\count92
LaTeX Info: Redefining \frac on input line 211.
\uproot@=\count93
\leftroot@=\count94
LaTeX Info: Redefining \overline on input line 307.
\classnum@=\count95
\DOTSCASE@=\count96
LaTeX Info: Redefining \ldots on input line 379.
LaTeX Info: Redefining \dots on input line 382.
LaTeX Info: Redefining \cdots on input line 467.
\Mathstrutbox@=\box26
\strutbox@=\box27
\big@size=\dimen108
LaTeX Font Info:    Redeclaring font encoding OML on input line 567.
LaTeX Font Info:    Redeclaring font encoding OMS on input line 568.
\macc@depth=\count97
\c@MaxMatrixCols=\count98
\dotsspace@=\muskip10
\c@parentequation=\count99
\dspbrk@lvl=\count100
\tag@help=\toks17
\row@=\count101
\column@=\count102
\maxfields@=\count103
\andhelp@=\toks18
\eqnshift@=\dimen109
\alignsep@=\dimen110
\tagshift@=\dimen111
\tagwidth@=\dimen112
\totwidth@=\dimen113
\lineht@=\dimen114
\@envbody=\toks19
\multlinegap=\skip50
\multlinetaggap=\skip51
\mathdisplay@stack=\toks20
LaTeX Info: Redefining \[ on input line 2666.
LaTeX Info: Redefining \] on input line 2667.
)
(/home/jtod/tex/TeXLive7/texmf/tex/latex/hyperref/hyperref.sty
Package: hyperref 2002/05/27 v6.72r Hypertext links for LaTeX

(/home/jtod/tex/TeXLive7/texmf/tex/latex/graphics/keyval.sty
Package: keyval 1999/03/16 v1.13 key=value parser (DPC)
\KV@toks@=\toks21
)
\@linkdim=\dimen115
\Hy@linkcounter=\count104
\Hy@pagecounter=\count105

(/home/jtod/tex/TeXLive7/texmf/tex/latex/hyperref/pd1enc.def
File: pd1enc.def 2002/05/27 v6.72r Hyperref: PDFDocEncoding definition (HO)
)
(/home/jtod/tex/TeXLive7/texmf/tex/latex/texlive/hyperref.cfg
File: hyperref.cfg 2001/06/04 v1.0 hyperref configuration of TeXLive
)
Package hyperref Info: Bookmarks ON on input line 1797.
Package hyperref Info: Hyper figures OFF on input line 1816.
Package hyperref Info: Link nesting OFF on input line 1821.
Package hyperref Info: Hyper index ON on input line 1824.
Package hyperref Info: Plain pages ON on input line 1829.
Package hyperref Info: Backreferencing OFF on input line 1836.

Implicit mode ON; LaTeX internals redefined
(/home/jtod/tex/TeXLive7/texmf/tex/latex/ltxmisc/url.sty
\Urlmuskip=\muskip11
Package: url 1999/03/28  ver 1.5x  Verb mode for urls, etc.
)
LaTeX Info: Redefining \url on input line 2046.
\Fld@menulength=\count106
\Field@Width=\dimen116
\Fld@charsize=\dimen117
\Choice@toks=\toks22
\Field@toks=\toks23
Package hyperref Info: Hyper figures OFF on input line 2504.
Package hyperref Info: Link nesting OFF on input line 2509.
Package hyperref Info: Hyper index ON on input line 2512.
Package hyperref Info: backreferencing OFF on input line 2519.
Package hyperref Info: Link coloring OFF on input line 2524.
\c@Item=\count107
\c@Hfootnote=\count108
)
*hyperref using driver hdvips*
(/home/jtod/tex/TeXLive7/texmf/tex/latex/hyperref/hdvips.def
File: hdvips.def 2002/05/27 v6.72r Hyperref driver for dvips

(/home/jtod/tex/TeXLive7/texmf/tex/latex/hyperref/pdfmark.def
File: pdfmark.def 2002/05/27 v6.72r Hyperref definitions for pdfmark specials
\pdf@docset=\toks24
\pdf@box=\box28
\pdf@toks=\toks25
\pdf@defaulttoks=\toks26
\Fld@listcount=\count109
\@outlinefile=\write3
))
\c@exercisenum=\count110

(./HydraManual.aux

LaTeX Warning: Label `fig:inv' multiply defined.

)
\openout1 = `HydraManual.aux'.

LaTeX Font Info:    Checking defaults for OML/cmm/m/it on input line 47.
LaTeX Font Info:    ... okay on input line 47.
LaTeX Font Info:    Checking defaults for T1/cmr/m/n on input line 47.
LaTeX Font Info:    ... okay on input line 47.
LaTeX Font Info:    Checking defaults for OT1/cmr/m/n on input line 47.
LaTeX Font Info:    ... okay on input line 47.
LaTeX Font Info:    Checking defaults for OMS/cmsy/m/n on input line 47.
LaTeX Font Info:    ... okay on input line 47.
LaTeX Font Info:    Checking defaults for OMX/cmex/m/n on input line 47.
LaTeX Font Info:    ... okay on input line 47.
LaTeX Font Info:    Checking defaults for U/cmr/m/n on input line 47.
LaTeX Font Info:    ... okay on input line 47.
LaTeX Font Info:    Checking defaults for PD1/pdf/m/n on input line 47.
LaTeX Font Info:    ... okay on input line 47.
Package hyperref Info: Link coloring OFF on input line 47.
 (/home/jtod/tex/TeXLive7/texmf/tex/latex/hyperref/nameref.sty
Package: nameref 2001/01/27 v2.19 Cross-referencing by name of section
\c@section@level=\count111
)
LaTeX Info: Redefining \ref on input line 47.
LaTeX Info: Redefining \pageref on input line 47.

(./HydraManual.out) (./HydraManual.out)
\openout3 = `HydraManual.out'.

 [1



] (./HydraManual.toc [2

] [3])
\tf@toc=\write4
\openout4 = `HydraManual.toc'.


[4]
Chapter 1.
[1


] [2]
Chapter 2.
[3

]
File: ../figures/xfig/inv.eps Graphic file (type eps)
 <../figures/xfig/inv.eps>
Underfull \hbox (badness 10000) in paragraph at lines 239--239
[]\OT1/cmr/m/n/8 (b)
 []

File: ../figures/xfig/inv.eps Graphic file (type eps)
<../figures/xfig/inv.eps>
File: ../figures/xfig/and2.eps Graphic file (type eps)
 <../figures/xfig/and2.eps>
File: ../figures/xfig/inv-and3.eps Graphic file (type eps)

<../figures/xfig/inv-and3.eps>
File: ../figures/xfig/andor.eps Graphic file (type eps)
 <../figures/xfig/andor.eps> [4]
File: ../figures/xfig/rippleAdd4.eps Graphic file (type eps)

<../figures/xfig/rippleAdd4.eps> [5] [6]
Chapter 3.
File: ../figures/xfig/reg1.eps Graphic file (type eps)
<../figures/xfig/reg1.eps> [7

]
Underfull \vbox (badness 2846) has occurred while \output is active []

 [8]
[9]
Chapter 4.
LaTeX Font Info:    Try loading font information for OMS+cmr on input line 704.

(/home/jtod/tex/TeXLive7/texmf/tex/latex/base/omscmr.fd
File: omscmr.fd 1999/05/25 v2.5h Standard LaTeX font definitions
)
LaTeX Font Info:    Font shape `OMS/cmr/m/n' in size <10> not available
(Font)              Font shape `OMS/cmsy/m/n' tried instead on input line 704.
 [10

] [11]
Chapter 5.
[12

] [13] [14] [15] [16] [17] [18]
Chapter 6.
[19

] [20] [21]
Chapter 7.
[22

] [23] [24] [25] [26] [27]
Chapter 8.
[28

] [29] [30] [31] [32] [33] [34]
Chapter 9.
[35

] [36] [37] [38] [39]
Chapter 10.
[40

]
Chapter 11.

Underfull \vbox (badness 10000) has occurred while \output is active []

 [41

]
[42] [43] [44] [45]
Chapter 12.

Underfull \vbox (badness 5490) has occurred while \output is active []

 [46

]
Underfull \vbox (badness 10000) has occurred while \output is active []

 [47]
[48]
Appendix A.
LaTeX Font Info:    Font shape `OT1/cmtt/bx/n' in size <14.4> not available
(Font)              Font shape `OT1/cmtt/m/n' tried instead on input line 2886.

[49

] [50]
Appendix B.
[51

]
Appendix C.
[52

] [53] [54] [55]
Appendix D.
[56

]
Appendix E.
[57

] (./HydraManual.aux)

LaTeX Warning: There were multiply-defined labels.

 ) 
Here is how much of TeX's memory you used:
 3153 strings out of 50288
 42723 string characters out of 1185983
 117021 words of memory out of 1500001
 6092 multiletter control sequences out of 10000+15000
 15277 words of font info for 54 fonts, out of 400000 for 1000
 431 hyphenation exceptions out of 1000
 28i,11n,36p,248b,452s stack positions out of 1500i,500n,1500p,200000b,5000s

Output written on HydraManual.dvi (61 pages, 240844 bytes).
